[22:20:21] [Server thread/INFO]: Starting minecraft server version 1.12.2
[22:20:21] [Server thread/INFO]: Loading properties
[22:20:21] [Server thread/INFO]: Default game type: SURVIVAL
[22:20:21] [Server thread/INFO]: This server is running Paper version git-Paper-1618 (MC: 1.12.2) (Implementing API version 1.12.2-R0.1-SNAPSHOT)
[22:20:21] [Server thread/INFO]: Debug logging is disabled
[22:20:21] [Server thread/INFO]: Server Ping Player Sample Count: 12
[22:20:21] [Server thread/INFO]: Using 4 threads for Netty based IO
[22:20:21] [Server thread/INFO]: Generating keypair
[22:20:21] [Server thread/INFO]: Starting Minecraft server on *:25565
[22:20:21] [Server thread/INFO]: Using default channel type
[22:20:22] [Server thread/INFO]: Set PluginClassLoader as parallel capable
[22:20:23] [Server thread/INFO]: [ProtocolSupport] Loading ProtocolSupport v4.29-dev
[22:20:23] [Server thread/ERROR]: [ProtocolSupport] ????????????????????????????????????????????????????????????????????
[22:20:23] [Server thread/ERROR]: [ProtocolSupport] ?                               ERROR                               
[22:20:23] [Server thread/ERROR]: [ProtocolSupport] ?   Unsupported platform or version
[22:20:23] [Server thread/ERROR]: [ProtocolSupport] ?                                                                   
[22:20:23] [Server thread/ERROR]: [ProtocolSupport] ?   This version of plugin only supports
[22:20:23] [Server thread/ERROR]: [ProtocolSupport] ?   server minecraft version 1.14.4
[22:20:23] [Server thread/ERROR]: [ProtocolSupport] ?   and following platforms:                                        
[22:20:23] [Server thread/ERROR]: [ProtocolSupport] ?   - Spigot (https://www.spigotmc.org/)                            
[22:20:23] [Server thread/ERROR]: [ProtocolSupport] ?   - Paper (https://papermc.io/)                                   
[22:20:23] [Server thread/ERROR]: [ProtocolSupport] ?                                                                   
[22:20:23] [Server thread/ERROR]: [ProtocolSupport] ?                                                                   
[22:20:23] [Server thread/ERROR]: [ProtocolSupport] ?       https://github.com/ProtocolSupport/ProtocolSupport/         
[22:20:23] [Server thread/ERROR]: [ProtocolSupport] ????????????????????????????????????????????????????????????????????
[22:20:23] [Server thread/INFO]: [Multiverse-Core] Loading Multiverse-Core v2.5.0-b727
[22:20:23] [Server thread/INFO]: [DiscordSRV] Loading DiscordSRV v1.18.1
[22:20:23] [Server thread/INFO]: [Multiverse-Portals] Loading Multiverse-Portals v2.5.0-b751
[22:20:23] [Server thread/INFO]: Server permissions file permissions.yml is empty, ignoring it
[22:20:23] [Server thread/INFO]: [ProtocolSupport] Enabling ProtocolSupport v4.29-dev
[22:20:23] [Server thread/WARN]: **** SERVER IS RUNNING IN OFFLINE/INSECURE MODE!
[22:20:23] [Server thread/WARN]: The server will make no attempt to authenticate usernames. Beware.
[22:20:23] [Server thread/WARN]: While this makes the game possible to play without internet access, it also opens up the ability for hackers to connect with any username they choose.
[22:20:23] [Server thread/WARN]: To change this, set "online-mode" to "true" in the server.properties file.
[22:20:23] [Server thread/INFO]: **** Beginning UUID conversion, this may take A LONG time ****
[22:20:23] [Server thread/INFO]: Preparing level "world"
[22:20:23] [Server thread/INFO]: -------- World Settings For [world] --------
[22:20:23] [Server thread/INFO]: Item Merge Radius: 2.5
[22:20:23] [Server thread/INFO]: Item Despawn Rate: 6000
[22:20:23] [Server thread/INFO]: View Distance: 10
[22:20:23] [Server thread/INFO]: Allow Zombie Pigmen to spawn from portal blocks: true
[22:20:23] [Server thread/INFO]: Zombie Aggressive Towards Villager: true
[22:20:23] [Server thread/INFO]: Arrow Despawn Rate: 1200
[22:20:23] [Server thread/INFO]: Experience Merge Radius: 3.0
[22:20:23] [Server thread/INFO]: Nerfing mobs spawned from spawners: false
[22:20:23] [Server thread/INFO]: Entity Activation Range: An 32 / Mo 32 / Mi 16 / Tiv true
[22:20:23] [Server thread/INFO]: Random Lighting Updates: false
[22:20:23] [Server thread/INFO]: Structure Info Saving: true
[22:20:23] [Server thread/INFO]: Max TNT Explosions: 100
[22:20:23] [Server thread/INFO]: Entity Tracking Range: Pl 48 / An 48 / Mo 48 / Mi 32 / Other 64
[22:20:23] [Server thread/INFO]: Hopper Transfer: 8 Hopper Check: 1 Hopper Amount: 1
[22:20:23] [Server thread/INFO]: Mob Spawn Range: 4
[22:20:23] [Server thread/INFO]: Cactus Growth Modifier: 100%
[22:20:23] [Server thread/INFO]: Cane Growth Modifier: 100%
[22:20:23] [Server thread/INFO]: Melon Growth Modifier: 100%
[22:20:23] [Server thread/INFO]: Mushroom Growth Modifier: 100%
[22:20:23] [Server thread/INFO]: Pumpkin Growth Modifier: 100%
[22:20:23] [Server thread/INFO]: Sapling Growth Modifier: 100%
[22:20:23] [Server thread/INFO]: Wheat Growth Modifier: 100%
[22:20:23] [Server thread/INFO]: NetherWart Growth Modifier: 100%
[22:20:23] [Server thread/INFO]: Vine Growth Modifier: 100%
[22:20:23] [Server thread/INFO]: Cocoa Growth Modifier: 100%
[22:20:23] [Server thread/INFO]: Tile Max Tick Time: 50ms Entity max Tick Time: 50ms
[22:20:23] [Server thread/INFO]: Custom Map Seeds:  Village: 10387312 Feature: 14357617 Monument: 10387313 Slime: 987234911
[22:20:24] [Server thread/INFO]: -------- World Settings For [world_nether] --------
[22:20:24] [Server thread/INFO]: Item Merge Radius: 2.5
[22:20:24] [Server thread/INFO]: Item Despawn Rate: 6000
[22:20:24] [Server thread/INFO]: View Distance: 10
[22:20:24] [Server thread/INFO]: Allow Zombie Pigmen to spawn from portal blocks: true
[22:20:24] [Server thread/INFO]: Zombie Aggressive Towards Villager: true
[22:20:24] [Server thread/INFO]: Arrow Despawn Rate: 1200
[22:20:24] [Server thread/INFO]: Experience Merge Radius: 3.0
[22:20:24] [Server thread/INFO]: Nerfing mobs spawned from spawners: false
[22:20:24] [Server thread/INFO]: Entity Activation Range: An 32 / Mo 32 / Mi 16 / Tiv true
[22:20:24] [Server thread/INFO]: Random Lighting Updates: false
[22:20:24] [Server thread/INFO]: Structure Info Saving: true
[22:20:24] [Server thread/INFO]: Max TNT Explosions: 100
[22:20:24] [Server thread/INFO]: Entity Tracking Range: Pl 48 / An 48 / Mo 48 / Mi 32 / Other 64
[22:20:24] [Server thread/INFO]: Hopper Transfer: 8 Hopper Check: 1 Hopper Amount: 1
[22:20:24] [Server thread/INFO]: Mob Spawn Range: 4
[22:20:24] [Server thread/INFO]: Cactus Growth Modifier: 100%
[22:20:24] [Server thread/INFO]: Cane Growth Modifier: 100%
[22:20:24] [Server thread/INFO]: Melon Growth Modifier: 100%
[22:20:24] [Server thread/INFO]: Mushroom Growth Modifier: 100%
[22:20:24] [Server thread/INFO]: Pumpkin Growth Modifier: 100%
[22:20:24] [Server thread/INFO]: Sapling Growth Modifier: 100%
[22:20:24] [Server thread/INFO]: Wheat Growth Modifier: 100%
[22:20:24] [Server thread/INFO]: NetherWart Growth Modifier: 100%
[22:20:24] [Server thread/INFO]: Vine Growth Modifier: 100%
[22:20:24] [Server thread/INFO]: Cocoa Growth Modifier: 100%
[22:20:24] [Server thread/INFO]: Tile Max Tick Time: 50ms Entity max Tick Time: 50ms
[22:20:24] [Server thread/INFO]: Custom Map Seeds:  Village: 10387312 Feature: 14357617 Monument: 10387313 Slime: 987234911
[22:20:24] [Server thread/INFO]: -------- World Settings For [world_the_end] --------
[22:20:24] [Server thread/INFO]: Item Merge Radius: 2.5
[22:20:24] [Server thread/INFO]: Item Despawn Rate: 6000
[22:20:24] [Server thread/INFO]: View Distance: 10
[22:20:24] [Server thread/INFO]: Allow Zombie Pigmen to spawn from portal blocks: true
[22:20:24] [Server thread/INFO]: Zombie Aggressive Towards Villager: true
[22:20:24] [Server thread/INFO]: Arrow Despawn Rate: 1200
[22:20:24] [Server thread/INFO]: Experience Merge Radius: 3.0
[22:20:24] [Server thread/INFO]: Nerfing mobs spawned from spawners: false
[22:20:24] [Server thread/INFO]: Entity Activation Range: An 32 / Mo 32 / Mi 16 / Tiv true
[22:20:24] [Server thread/INFO]: Random Lighting Updates: false
[22:20:24] [Server thread/INFO]: Structure Info Saving: true
[22:20:24] [Server thread/INFO]: Max TNT Explosions: 100
[22:20:24] [Server thread/INFO]: Entity Tracking Range: Pl 48 / An 48 / Mo 48 / Mi 32 / Other 64
[22:20:24] [Server thread/INFO]: Hopper Transfer: 8 Hopper Check: 1 Hopper Amount: 1
[22:20:24] [Server thread/INFO]: Mob Spawn Range: 4
[22:20:24] [Server thread/INFO]: Cactus Growth Modifier: 100%
[22:20:24] [Server thread/INFO]: Cane Growth Modifier: 100%
[22:20:24] [Server thread/INFO]: Melon Growth Modifier: 100%
[22:20:24] [Server thread/INFO]: Mushroom Growth Modifier: 100%
[22:20:24] [Server thread/INFO]: Pumpkin Growth Modifier: 100%
[22:20:24] [Server thread/INFO]: Sapling Growth Modifier: 100%
[22:20:24] [Server thread/INFO]: Wheat Growth Modifier: 100%
[22:20:24] [Server thread/INFO]: NetherWart Growth Modifier: 100%
[22:20:24] [Server thread/INFO]: Vine Growth Modifier: 100%
[22:20:24] [Server thread/INFO]: Cocoa Growth Modifier: 100%
[22:20:24] [Server thread/INFO]: Tile Max Tick Time: 50ms Entity max Tick Time: 50ms
[22:20:24] [Server thread/INFO]: Custom Map Seeds:  Village: 10387312 Feature: 14357617 Monument: 10387313 Slime: 987234911
[22:20:24] [Server thread/INFO]: Preparing start region for level 0 (Seed: 7810064193349664210)
[22:20:25] [Server thread/INFO]: Preparing spawn area: 3%
[22:20:26] [Server thread/INFO]: Preparing spawn area: 8%
[22:20:27] [Server thread/INFO]: Preparing spawn area: 14%
[22:20:28] [Server thread/INFO]: Preparing spawn area: 20%
[22:20:29] [Server thread/INFO]: Preparing spawn area: 26%
[22:20:30] [Server thread/INFO]: Preparing spawn area: 33%
[22:20:31] [Server thread/INFO]: Preparing spawn area: 39%
[22:20:32] [Server thread/INFO]: Preparing start region for level 1 (Seed: 7810064193349664210)
[22:20:33] [Server thread/INFO]: Preparing spawn area: 8%
[22:20:34] [Server thread/INFO]: Preparing spawn area: 24%
[22:20:35] [Server thread/INFO]: Preparing spawn area: 41%
[22:20:35] [Server thread/INFO]: Preparing start region for level 2 (Seed: 7810064193349664210)
[22:20:36] [Server thread/INFO]: [Multiverse-Core] Enabling Multiverse-Core v2.5.0-b727
[22:20:36] [Server thread/INFO]: [Multiverse-Core] 3 - World(s) loaded.
[22:20:37] [Server thread/INFO]: [Multiverse-Core] Version 2.5.0-b727 (API v20) Enabled - By Rigby, fernferret, lithium3141, main-- and dumptruckman
[22:20:37] [Server thread/INFO]: [DiscordSRV] Enabling DiscordSRV v1.18.1
[22:20:37] [Server thread/INFO]: [Multiverse-Portals] Enabling Multiverse-Portals v2.5.0-b751
[22:20:37] [Server thread/INFO]: [Multiverse-Portals] - Version 2.5.0-b751 Enabled - By Rigby and fernferret
[22:20:37] [DiscordSRV - Initialization/INFO]: [DiscordSRV] Unknown user language TR.
[22:20:37] [DiscordSRV - Initialization/INFO]: [DiscordSRV] If you fluently speak TR as well as English, see the GitHub repo to translate it!
[22:20:37] [Server thread/INFO]: [MVPLogging] 0 - Portals(s) loaded
[22:20:37] [Server thread/INFO]: Done (14,308s)! For help, type "help" or "?"
[22:20:37] [Server thread/INFO]: Timings Reset
[22:20:42] [DiscordSRV - Initialization/INFO]: [DiscordSRV] DiscordSRV is up-to-date. (91b757096a779e02bd963542eac4df0031f7c44e)
[22:20:42] [DiscordSRV - Initialization/INFO]: [DiscordSRV] ===============================================================================
[22:20:42] [DiscordSRV - Initialization/INFO]: [DiscordSRV]          Need a server host? Try PebbleHost! Plans starting at $1/GB!
[22:20:42] [DiscordSRV - Initialization/INFO]: [DiscordSRV]  Use promo code "DISCORDSRV" at checkout for 15% off your first three bills!
[22:20:42] [DiscordSRV - Initialization/INFO]: [DiscordSRV] ===============================================================================
[22:20:43] [Log4j2-TF-1-AsyncLogger[AsyncContext@7f31245a]-1/INFO]: [DiscordSRV] [JDA] Login Successful!
[22:20:44] [Log4j2-TF-1-AsyncLogger[AsyncContext@7f31245a]-1/INFO]: [DiscordSRV] [JDA] Connected to WebSocket
[22:20:45] [Log4j2-TF-1-AsyncLogger[AsyncContext@7f31245a]-1/INFO]: [DiscordSRV] [JDA] Finished Loading!
[22:20:45] [DiscordSRV - Initialization/INFO]: [DiscordSRV] Found server G:MineServers(602818123174772758)
[22:20:45] [DiscordSRV - Initialization/INFO]: [DiscordSRV] - TC:dc-server-rules(602818123783208971)
[22:20:45] [DiscordSRV - Initialization/INFO]: [DiscordSRV] - TC:mc-server-rules(622423487067324437)
[22:20:45] [DiscordSRV - Initialization/INFO]: [DiscordSRV] - TC:mc-server-updates(642997935360966672)
[22:20:45] [DiscordSRV - Initialization/INFO]: [DiscordSRV] - TC:mc-server-ip(640352619541430315)
[22:20:45] [DiscordSRV - Initialization/INFO]: [DiscordSRV] - TC:minesurvival(604985962782523393)
[22:20:45] [DiscordSRV - Initialization/INFO]: [DiscordSRV] - TC:minecreative(642997860874584065)
[22:20:45] [DiscordSRV - Initialization/INFO]: [DiscordSRV] - TC:minevanilla(642878083703242803)
[22:20:45] [DiscordSRV - Initialization/INFO]: [DiscordSRV] - TC:minemix(640355581051404298)
[22:20:45] [DiscordSRV - Initialization/INFO]: [DiscordSRV] - TC:minesurvival-chat(602823494035570688)
[22:20:45] [DiscordSRV - Initialization/INFO]: [DiscordSRV] - TC:minecreative-chat(642997826757984276)
[22:20:45] [DiscordSRV - Initialization/INFO]: [DiscordSRV] - TC:minemix-chat(640354767985704970)
[22:20:45] [DiscordSRV - Initialization/INFO]: [DiscordSRV] - TC:discord-chat(602823524582948875)
[22:20:45] [DiscordSRV - Initialization/INFO]: [DiscordSRV] - TC:minesurvival(612481964343296010)
[22:20:45] [DiscordSRV - Initialization/INFO]: [DiscordSRV] - TC:minecreative(642998007163387944)
[22:20:45] [DiscordSRV - Initialization/INFO]: [DiscordSRV] - TC:minemix(640355999907315723)
[22:20:45] [DiscordSRV - Initialization/INFO]: [DiscordSRV] - TC:server-logs(645247836220555284)
[22:20:45] [DiscordSRV - Initialization/INFO]: [DiscordSRV] - TC:dc-member-traffic(645248465844305921)
[22:20:45] [DiscordSRV - Initialization/INFO]: [DiscordSRV] Console forwarding assigned to channel 640355999907315723
[22:20:45] [DiscordSRV - Initialization/INFO]: [DiscordSRV] Not using JDBC, one of host/port/database was default
[22:20:45] [DiscordSRV - Initialization/INFO]: [DiscordSRV] No chat plugin hooks enabled
